<?xml version="1.0"?>
<!DOCTYPE coverage SYSTEM "http://cobertura.sourceforge.net/xml/coverage-04.dtd">

<coverage line-rate="0.6533333333333333" branch-rate="0.7272727272727273" lines-covered="98" lines-valid="150" branches-covered="16" branches-valid="22" complexity="1.2115384615384615" version="2.1.1" timestamp="1531481128003">
	<sources>
		<source>--source</source>
		<source>S:/MyERP/src/myerp-model/src/main/java</source>
		<source>S:/MyERP/src/myerp-model/target/generated-sources/annotations</source>
	</sources>
	<packages>
		<package name="com.dummy.myerp.model.bean.comptabilite" line-rate="0.6533333333333333" branch-rate="0.7272727272727273" complexity="1.2115384615384615">
			<classes>
				<class name="com.dummy.myerp.model.bean.comptabilite.CompteComptable" filename="com/dummy/myerp/model/bean/comptabilite/CompteComptable.java" line-rate="0.9642857142857143" branch-rate="0.5" complexity="1.3333333333333333">
					<methods>
						<method name="&lt;init&gt;" signature="()V" line-rate="1.0" branch-rate="1.0" complexity="0">
							<lines>
								<line number="29" hits="1" branch="false"/>
								<line number="30" hits="1" branch="false"/>
							</lines>
						</method>
						<method name="&lt;init&gt;" signature="(Ljava/lang/Integer;)V" line-rate="1.0" branch-rate="1.0" complexity="0">
							<lines>
								<line number="37" hits="16" branch="false"/>
								<line number="38" hits="16" branch="false"/>
								<line number="39" hits="16" branch="false"/>
							</lines>
						</method>
						<method name="&lt;init&gt;" signature="(Ljava/lang/Integer;Ljava/lang/String;)V" line-rate="1.0" branch-rate="1.0" complexity="0">
							<lines>
								<line number="47" hits="1" branch="false"/>
								<line number="48" hits="1" branch="false"/>
								<line number="49" hits="1" branch="false"/>
								<line number="50" hits="1" branch="false"/>
							</lines>
						</method>
						<method name="getByNumero" signature="(Ljava/util/List;Ljava/lang/Integer;)Lcom/dummy/myerp/model/bean/comptabilite/CompteComptable;" line-rate="1.0" branch-rate="0.5" complexity="0">
							<lines>
								<line number="90" hits="1" branch="false"/>
								<line number="91" hits="2" branch="true" condition-coverage="50 % (1/2)">
									<conditions>
										<condition number="0" type="jump" coverage="50 %"/>
									</conditions>
								</line>
								<line number="92" hits="1" branch="true" condition-coverage="50 % (2/4)">
									<conditions>
										<condition number="0" type="jump" coverage="50 %"/>
										<condition number="1" type="jump" coverage="50 %"/>
									</conditions>
								</line>
								<line number="93" hits="1" branch="false"/>
								<line number="94" hits="1" branch="false"/>
								<line number="97" hits="1" branch="false"/>
							</lines>
						</method>
						<method name="getLibelle" signature="()Ljava/lang/String;" line-rate="0.0" branch-rate="1.0" complexity="0">
							<lines>
								<line number="61" hits="0" branch="false"/>
							</lines>
						</method>
						<method name="getNumero" signature="()Ljava/lang/Integer;" line-rate="1.0" branch-rate="1.0" complexity="0">
							<lines>
								<line number="55" hits="1" branch="false"/>
							</lines>
						</method>
						<method name="setLibelle" signature="(Ljava/lang/String;)V" line-rate="1.0" branch-rate="1.0" complexity="0">
							<lines>
								<line number="64" hits="1" branch="false"/>
								<line number="65" hits="1" branch="false"/>
							</lines>
						</method>
						<method name="setNumero" signature="(Ljava/lang/Integer;)V" line-rate="1.0" branch-rate="1.0" complexity="0">
							<lines>
								<line number="58" hits="1" branch="false"/>
								<line number="59" hits="1" branch="false"/>
							</lines>
						</method>
						<method name="toString" signature="()Ljava/lang/String;" line-rate="1.0" branch-rate="1.0" complexity="0">
							<lines>
								<line number="71" hits="8" branch="false"/>
								<line number="72" hits="8" branch="false"/>
								<line number="73" hits="8" branch="false"/>
								<line number="74" hits="8" branch="false"/>
								<line number="75" hits="8" branch="false"/>
								<line number="76" hits="8" branch="false"/>
								<line number="77" hits="8" branch="false"/>
							</lines>
						</method>
					</methods>
					<lines>
						<line number="29" hits="1" branch="false"/>
						<line number="30" hits="1" branch="false"/>
						<line number="37" hits="16" branch="false"/>
						<line number="38" hits="16" branch="false"/>
						<line number="39" hits="16" branch="false"/>
						<line number="47" hits="1" branch="false"/>
						<line number="48" hits="1" branch="false"/>
						<line number="49" hits="1" branch="false"/>
						<line number="50" hits="1" branch="false"/>
						<line number="55" hits="1" branch="false"/>
						<line number="58" hits="1" branch="false"/>
						<line number="59" hits="1" branch="false"/>
						<line number="61" hits="0" branch="false"/>
						<line number="64" hits="1" branch="false"/>
						<line number="65" hits="1" branch="false"/>
						<line number="71" hits="8" branch="false"/>
						<line number="72" hits="8" branch="false"/>
						<line number="73" hits="8" branch="false"/>
						<line number="74" hits="8" branch="false"/>
						<line number="75" hits="8" branch="false"/>
						<line number="76" hits="8" branch="false"/>
						<line number="77" hits="8" branch="false"/>
						<line number="90" hits="1" branch="false"/>
						<line number="91" hits="2" branch="true" condition-coverage="50 % (1/2)">
							<conditions>
								<condition number="0" type="jump" coverage="50 %"/>
							</conditions>
						</line>
						<line number="92" hits="1" branch="true" condition-coverage="50 % (2/4)">
							<conditions>
								<condition number="0" type="jump" coverage="50 %"/>
								<condition number="1" type="jump" coverage="50 %"/>
							</conditions>
						</line>
						<line number="93" hits="1" branch="false"/>
						<line number="94" hits="1" branch="false"/>
						<line number="97" hits="1" branch="false"/>
					</lines>
				</class>
				<class name="com.dummy.myerp.model.bean.comptabilite.EcritureComptable" filename="com/dummy/myerp/model/bean/comptabilite/EcritureComptable.java" line-rate="0.8409090909090909" branch-rate="1.0" complexity="1.3333333333333333">
					<methods>
						<method name="&lt;init&gt;" signature="()V" line-rate="1.0" branch-rate="1.0" complexity="0">
							<lines>
								<line number="17" hits="10" branch="false"/>
								<line number="40" hits="5" branch="false"/>
							</lines>
						</method>
						<method name="getDate" signature="()Ljava/util/Date;" line-rate="0.0" branch-rate="1.0" complexity="0">
							<lines>
								<line number="68" hits="0" branch="false"/>
							</lines>
						</method>
						<method name="getId" signature="()Ljava/lang/Integer;" line-rate="0.0" branch-rate="1.0" complexity="0">
							<lines>
								<line number="44" hits="0" branch="false"/>
							</lines>
						</method>
						<method name="getJournal" signature="()Lcom/dummy/myerp/model/bean/comptabilite/JournalComptable;" line-rate="1.0" branch-rate="1.0" complexity="0">
							<lines>
								<line number="52" hits="1" branch="false"/>
							</lines>
						</method>
						<method name="getLibelle" signature="()Ljava/lang/String;" line-rate="0.0" branch-rate="1.0" complexity="0">
							<lines>
								<line number="76" hits="0" branch="false"/>
							</lines>
						</method>
						<method name="getListLigneEcriture" signature="()Ljava/util/List;" line-rate="1.0" branch-rate="1.0" complexity="0">
							<lines>
								<line number="84" hits="17" branch="false"/>
							</lines>
						</method>
						<method name="getReference" signature="()Ljava/lang/String;" line-rate="1.0" branch-rate="1.0" complexity="0">
							<lines>
								<line number="60" hits="2" branch="false"/>
							</lines>
						</method>
						<method name="getTotalCredit" signature="()Ljava/math/BigDecimal;" line-rate="1.0" branch-rate="1.0" complexity="0">
							<lines>
								<line number="110" hits="5" branch="false"/>
								<line number="111" hits="30" branch="true" condition-coverage="100 % (2/2)">
									<conditions>
										<condition number="0" type="jump" coverage="100 %"/>
									</conditions>
								</line>
								<line number="112" hits="20" branch="true" condition-coverage="100 % (2/2)">
									<conditions>
										<condition number="0" type="jump" coverage="100 %"/>
									</conditions>
								</line>
								<line number="113" hits="15" branch="false"/>
								<line number="116" hits="5" branch="false"/>
							</lines>
						</method>
						<method name="getTotalDebit" signature="()Ljava/math/BigDecimal;" line-rate="1.0" branch-rate="1.0" complexity="0">
							<lines>
								<line number="94" hits="5" branch="false"/>
								<line number="95" hits="30" branch="true" condition-coverage="100 % (2/2)">
									<conditions>
										<condition number="0" type="jump" coverage="100 %"/>
									</conditions>
								</line>
								<line number="96" hits="20" branch="true" condition-coverage="100 % (2/2)">
									<conditions>
										<condition number="0" type="jump" coverage="100 %"/>
									</conditions>
								</line>
								<line number="97" hits="15" branch="false"/>
								<line number="100" hits="5" branch="false"/>
							</lines>
						</method>
						<method name="isEquilibree" signature="()Z" line-rate="1.0" branch-rate="1.0" complexity="0">
							<lines>
								<line number="126" hits="2" branch="false"/>
								<line number="127" hits="2" branch="false"/>
								<line number="129" hits="2" branch="true" condition-coverage="100 % (2/2)">
									<conditions>
										<condition number="0" type="jump" coverage="100 %"/>
									</conditions>
								</line>
								<line number="130" hits="1" branch="false"/>
								<line number="131" hits="1" branch="false"/>
								<line number="132" hits="1" branch="false"/>
								<line number="134" hits="2" branch="false"/>
							</lines>
						</method>
						<method name="setDate" signature="(Ljava/util/Date;)V" line-rate="0.0" branch-rate="1.0" complexity="0">
							<lines>
								<line number="72" hits="0" branch="false"/>
								<line number="73" hits="0" branch="false"/>
							</lines>
						</method>
						<method name="setId" signature="(Ljava/lang/Integer;)V" line-rate="0.0" branch-rate="1.0" complexity="0">
							<lines>
								<line number="48" hits="0" branch="false"/>
								<line number="49" hits="0" branch="false"/>
							</lines>
						</method>
						<method name="setJournal" signature="(Lcom/dummy/myerp/model/bean/comptabilite/JournalComptable;)V" line-rate="1.0" branch-rate="1.0" complexity="0">
							<lines>
								<line number="56" hits="1" branch="false"/>
								<line number="57" hits="1" branch="false"/>
							</lines>
						</method>
						<method name="setLibelle" signature="(Ljava/lang/String;)V" line-rate="1.0" branch-rate="1.0" complexity="0">
							<lines>
								<line number="80" hits="2" branch="false"/>
								<line number="81" hits="2" branch="false"/>
							</lines>
						</method>
						<method name="setReference" signature="(Ljava/lang/String;)V" line-rate="1.0" branch-rate="1.0" complexity="0">
							<lines>
								<line number="64" hits="2" branch="false"/>
								<line number="65" hits="2" branch="false"/>
							</lines>
						</method>
						<method name="toString" signature="()Ljava/lang/String;" line-rate="1.0" branch-rate="1.0" complexity="0">
							<lines>
								<line number="140" hits="2" branch="false"/>
								<line number="141" hits="2" branch="false"/>
								<line number="142" hits="2" branch="false"/>
								<line number="143" hits="2" branch="false"/>
								<line number="144" hits="2" branch="false"/>
								<line number="145" hits="2" branch="false"/>
								<line number="146" hits="2" branch="false"/>
								<line number="147" hits="2" branch="false"/>
								<line number="148" hits="2" branch="false"/>
							</lines>
						</method>
					</methods>
					<lines>
						<line number="17" hits="10" branch="false"/>
						<line number="40" hits="5" branch="false"/>
						<line number="44" hits="0" branch="false"/>
						<line number="48" hits="0" branch="false"/>
						<line number="49" hits="0" branch="false"/>
						<line number="52" hits="1" branch="false"/>
						<line number="56" hits="1" branch="false"/>
						<line number="57" hits="1" branch="false"/>
						<line number="60" hits="2" branch="false"/>
						<line number="64" hits="2" branch="false"/>
						<line number="65" hits="2" branch="false"/>
						<line number="68" hits="0" branch="false"/>
						<line number="72" hits="0" branch="false"/>
						<line number="73" hits="0" branch="false"/>
						<line number="76" hits="0" branch="false"/>
						<line number="80" hits="2" branch="false"/>
						<line number="81" hits="2" branch="false"/>
						<line number="84" hits="17" branch="false"/>
						<line number="94" hits="5" branch="false"/>
						<line number="95" hits="30" branch="true" condition-coverage="100 % (2/2)">
							<conditions>
								<condition number="0" type="jump" coverage="100 %"/>
							</conditions>
						</line>
						<line number="96" hits="20" branch="true" condition-coverage="100 % (2/2)">
							<conditions>
								<condition number="0" type="jump" coverage="100 %"/>
							</conditions>
						</line>
						<line number="97" hits="15" branch="false"/>
						<line number="100" hits="5" branch="false"/>
						<line number="110" hits="5" branch="false"/>
						<line number="111" hits="30" branch="true" condition-coverage="100 % (2/2)">
							<conditions>
								<condition number="0" type="jump" coverage="100 %"/>
							</conditions>
						</line>
						<line number="112" hits="20" branch="true" condition-coverage="100 % (2/2)">
							<conditions>
								<condition number="0" type="jump" coverage="100 %"/>
							</conditions>
						</line>
						<line number="113" hits="15" branch="false"/>
						<line number="116" hits="5" branch="false"/>
						<line number="126" hits="2" branch="false"/>
						<line number="127" hits="2" branch="false"/>
						<line number="129" hits="2" branch="true" condition-coverage="100 % (2/2)">
							<conditions>
								<condition number="0" type="jump" coverage="100 %"/>
							</conditions>
						</line>
						<line number="130" hits="1" branch="false"/>
						<line number="131" hits="1" branch="false"/>
						<line number="132" hits="1" branch="false"/>
						<line number="134" hits="2" branch="false"/>
						<line number="140" hits="2" branch="false"/>
						<line number="141" hits="2" branch="false"/>
						<line number="142" hits="2" branch="false"/>
						<line number="143" hits="2" branch="false"/>
						<line number="144" hits="2" branch="false"/>
						<line number="145" hits="2" branch="false"/>
						<line number="146" hits="2" branch="false"/>
						<line number="147" hits="2" branch="false"/>
						<line number="148" hits="2" branch="false"/>
					</lines>
				</class>
				<class name="com.dummy.myerp.model.bean.comptabilite.JournalComptable" filename="com/dummy/myerp/model/bean/comptabilite/JournalComptable.java" line-rate="0.68" branch-rate="0.5" complexity="1.375">
					<methods>
						<method name="&lt;init&gt;" signature="()V" line-rate="1.0" branch-rate="1.0" complexity="0">
							<lines>
								<line number="30" hits="1" branch="false"/>
								<line number="31" hits="1" branch="false"/>
							</lines>
						</method>
						<method name="&lt;init&gt;" signature="(Ljava/lang/String;Ljava/lang/String;)V" line-rate="1.0" branch-rate="1.0" complexity="0">
							<lines>
								<line number="39" hits="2" branch="false"/>
								<line number="40" hits="2" branch="false"/>
								<line number="41" hits="2" branch="false"/>
								<line number="42" hits="2" branch="false"/>
							</lines>
						</method>
						<method name="getByCode" signature="(Ljava/util/List;Ljava/lang/String;)Lcom/dummy/myerp/model/bean/comptabilite/JournalComptable;" line-rate="1.0" branch-rate="0.5" complexity="0">
							<lines>
								<line number="82" hits="1" branch="false"/>
								<line number="83" hits="2" branch="true" condition-coverage="50 % (1/2)">
									<conditions>
										<condition number="0" type="jump" coverage="50 %"/>
									</conditions>
								</line>
								<line number="84" hits="1" branch="true" condition-coverage="50 % (2/4)">
									<conditions>
										<condition number="0" type="jump" coverage="50 %"/>
										<condition number="1" type="jump" coverage="50 %"/>
									</conditions>
								</line>
								<line number="85" hits="1" branch="false"/>
								<line number="86" hits="1" branch="false"/>
								<line number="89" hits="1" branch="false"/>
							</lines>
						</method>
						<method name="getCode" signature="()Ljava/lang/String;" line-rate="1.0" branch-rate="1.0" complexity="0">
							<lines>
								<line number="47" hits="2" branch="false"/>
							</lines>
						</method>
						<method name="getLibelle" signature="()Ljava/lang/String;" line-rate="0.0" branch-rate="1.0" complexity="0">
							<lines>
								<line number="53" hits="0" branch="false"/>
							</lines>
						</method>
						<method name="setCode" signature="(Ljava/lang/String;)V" line-rate="1.0" branch-rate="1.0" complexity="0">
							<lines>
								<line number="50" hits="1" branch="false"/>
								<line number="51" hits="1" branch="false"/>
							</lines>
						</method>
						<method name="setLibelle" signature="(Ljava/lang/String;)V" line-rate="1.0" branch-rate="1.0" complexity="0">
							<lines>
								<line number="56" hits="1" branch="false"/>
								<line number="57" hits="1" branch="false"/>
							</lines>
						</method>
						<method name="toString" signature="()Ljava/lang/String;" line-rate="0.0" branch-rate="1.0" complexity="0">
							<lines>
								<line number="63" hits="0" branch="false"/>
								<line number="64" hits="0" branch="false"/>
								<line number="65" hits="0" branch="false"/>
								<line number="66" hits="0" branch="false"/>
								<line number="67" hits="0" branch="false"/>
								<line number="68" hits="0" branch="false"/>
								<line number="69" hits="0" branch="false"/>
							</lines>
						</method>
					</methods>
					<lines>
						<line number="30" hits="1" branch="false"/>
						<line number="31" hits="1" branch="false"/>
						<line number="39" hits="2" branch="false"/>
						<line number="40" hits="2" branch="false"/>
						<line number="41" hits="2" branch="false"/>
						<line number="42" hits="2" branch="false"/>
						<line number="47" hits="2" branch="false"/>
						<line number="50" hits="1" branch="false"/>
						<line number="51" hits="1" branch="false"/>
						<line number="53" hits="0" branch="false"/>
						<line number="56" hits="1" branch="false"/>
						<line number="57" hits="1" branch="false"/>
						<line number="63" hits="0" branch="false"/>
						<line number="64" hits="0" branch="false"/>
						<line number="65" hits="0" branch="false"/>
						<line number="66" hits="0" branch="false"/>
						<line number="67" hits="0" branch="false"/>
						<line number="68" hits="0" branch="false"/>
						<line number="69" hits="0" branch="false"/>
						<line number="82" hits="1" branch="false"/>
						<line number="83" hits="2" branch="true" condition-coverage="50 % (1/2)">
							<conditions>
								<condition number="0" type="jump" coverage="50 %"/>
							</conditions>
						</line>
						<line number="84" hits="1" branch="true" condition-coverage="50 % (2/4)">
							<conditions>
								<condition number="0" type="jump" coverage="50 %"/>
								<condition number="1" type="jump" coverage="50 %"/>
							</conditions>
						</line>
						<line number="85" hits="1" branch="false"/>
						<line number="86" hits="1" branch="false"/>
						<line number="89" hits="1" branch="false"/>
					</lines>
				</class>
				<class name="com.dummy.myerp.model.bean.comptabilite.LigneEcritureComptable" filename="com/dummy/myerp/model/bean/comptabilite/LigneEcritureComptable.java" line-rate="0.5862068965517241" branch-rate="1.0" complexity="1.0">
					<methods>
						<method name="&lt;init&gt;" signature="()V" line-rate="0.0" branch-rate="1.0" complexity="0">
							<lines>
								<line number="37" hits="0" branch="false"/>
								<line number="38" hits="0" branch="false"/>
							</lines>
						</method>
						<method name="&lt;init&gt;" signature="(Lcom/dummy/myerp/model/bean/comptabilite/CompteComptable;Ljava/lang/String;Ljava/math/BigDecimal;Ljava/math/BigDecimal;)V" line-rate="1.0" branch-rate="1.0" complexity="0">
							<lines>
								<line number="48" hits="16" branch="false"/>
								<line number="50" hits="16" branch="false"/>
								<line number="51" hits="16" branch="false"/>
								<line number="52" hits="16" branch="false"/>
								<line number="53" hits="16" branch="false"/>
								<line number="54" hits="16" branch="false"/>
							</lines>
						</method>
						<method name="getCompteComptable" signature="()Lcom/dummy/myerp/model/bean/comptabilite/CompteComptable;" line-rate="0.0" branch-rate="1.0" complexity="0">
							<lines>
								<line number="59" hits="0" branch="false"/>
							</lines>
						</method>
						<method name="getCredit" signature="()Ljava/math/BigDecimal;" line-rate="1.0" branch-rate="1.0" complexity="0">
							<lines>
								<line number="77" hits="35" branch="false"/>
							</lines>
						</method>
						<method name="getDebit" signature="()Ljava/math/BigDecimal;" line-rate="1.0" branch-rate="1.0" complexity="0">
							<lines>
								<line number="71" hits="35" branch="false"/>
							</lines>
						</method>
						<method name="getLibelle" signature="()Ljava/lang/String;" line-rate="0.0" branch-rate="1.0" complexity="0">
							<lines>
								<line number="65" hits="0" branch="false"/>
							</lines>
						</method>
						<method name="setCompteComptable" signature="(Lcom/dummy/myerp/model/bean/comptabilite/CompteComptable;)V" line-rate="0.0" branch-rate="1.0" complexity="0">
							<lines>
								<line number="62" hits="0" branch="false"/>
								<line number="63" hits="0" branch="false"/>
							</lines>
						</method>
						<method name="setCredit" signature="(Ljava/math/BigDecimal;)V" line-rate="0.0" branch-rate="1.0" complexity="0">
							<lines>
								<line number="80" hits="0" branch="false"/>
								<line number="81" hits="0" branch="false"/>
							</lines>
						</method>
						<method name="setDebit" signature="(Ljava/math/BigDecimal;)V" line-rate="0.0" branch-rate="1.0" complexity="0">
							<lines>
								<line number="74" hits="0" branch="false"/>
								<line number="75" hits="0" branch="false"/>
							</lines>
						</method>
						<method name="setLibelle" signature="(Ljava/lang/String;)V" line-rate="0.0" branch-rate="1.0" complexity="0">
							<lines>
								<line number="68" hits="0" branch="false"/>
								<line number="69" hits="0" branch="false"/>
							</lines>
						</method>
						<method name="toString" signature="()Ljava/lang/String;" line-rate="1.0" branch-rate="1.0" complexity="0">
							<lines>
								<line number="87" hits="8" branch="false"/>
								<line number="88" hits="8" branch="false"/>
								<line number="89" hits="8" branch="false"/>
								<line number="90" hits="8" branch="false"/>
								<line number="91" hits="8" branch="false"/>
								<line number="92" hits="8" branch="false"/>
								<line number="93" hits="8" branch="false"/>
								<line number="94" hits="8" branch="false"/>
								<line number="95" hits="8" branch="false"/>
							</lines>
						</method>
					</methods>
					<lines>
						<line number="37" hits="0" branch="false"/>
						<line number="38" hits="0" branch="false"/>
						<line number="48" hits="16" branch="false"/>
						<line number="50" hits="16" branch="false"/>
						<line number="51" hits="16" branch="false"/>
						<line number="52" hits="16" branch="false"/>
						<line number="53" hits="16" branch="false"/>
						<line number="54" hits="16" branch="false"/>
						<line number="59" hits="0" branch="false"/>
						<line number="62" hits="0" branch="false"/>
						<line number="63" hits="0" branch="false"/>
						<line number="65" hits="0" branch="false"/>
						<line number="68" hits="0" branch="false"/>
						<line number="69" hits="0" branch="false"/>
						<line number="71" hits="35" branch="false"/>
						<line number="74" hits="0" branch="false"/>
						<line number="75" hits="0" branch="false"/>
						<line number="77" hits="35" branch="false"/>
						<line number="80" hits="0" branch="false"/>
						<line number="81" hits="0" branch="false"/>
						<line number="87" hits="8" branch="false"/>
						<line number="88" hits="8" branch="false"/>
						<line number="89" hits="8" branch="false"/>
						<line number="90" hits="8" branch="false"/>
						<line number="91" hits="8" branch="false"/>
						<line number="92" hits="8" branch="false"/>
						<line number="93" hits="8" branch="false"/>
						<line number="94" hits="8" branch="false"/>
						<line number="95" hits="8" branch="false"/>
					</lines>
				</class>
				<class name="com.dummy.myerp.model.bean.comptabilite.SequenceEcritureComptable" filename="com/dummy/myerp/model/bean/comptabilite/SequenceEcritureComptable.java" line-rate="0.0" branch-rate="1.0" complexity="1.0">
					<methods>
						<method name="&lt;init&gt;" signature="()V" line-rate="0.0" branch-rate="1.0" complexity="0">
							<lines>
								<line number="21" hits="0" branch="false"/>
								<line number="22" hits="0" branch="false"/>
							</lines>
						</method>
						<method name="&lt;init&gt;" signature="(Ljava/lang/String;Ljava/lang/Integer;Ljava/lang/Integer;)V" line-rate="0.0" branch-rate="1.0" complexity="0">
							<lines>
								<line number="30" hits="0" branch="false"/>
								<line number="31" hits="0" branch="false"/>
								<line number="32" hits="0" branch="false"/>
								<line number="33" hits="0" branch="false"/>
								<line number="34" hits="0" branch="false"/>
							</lines>
						</method>
						<method name="getAnnee" signature="()Ljava/lang/Integer;" line-rate="0.0" branch-rate="1.0" complexity="0">
							<lines>
								<line number="40" hits="0" branch="false"/>
							</lines>
						</method>
						<method name="getDerniereValeur" signature="()Ljava/lang/Integer;" line-rate="0.0" branch-rate="1.0" complexity="0">
							<lines>
								<line number="54" hits="0" branch="false"/>
							</lines>
						</method>
						<method name="getJournalCode" signature="()Ljava/lang/String;" line-rate="0.0" branch-rate="1.0" complexity="0">
							<lines>
								<line number="43" hits="0" branch="false"/>
							</lines>
						</method>
						<method name="setAnnee" signature="(Ljava/lang/Integer;)V" line-rate="0.0" branch-rate="1.0" complexity="0">
							<lines>
								<line number="51" hits="0" branch="false"/>
								<line number="52" hits="0" branch="false"/>
							</lines>
						</method>
						<method name="setDerniereValeur" signature="(Ljava/lang/Integer;)V" line-rate="0.0" branch-rate="1.0" complexity="0">
							<lines>
								<line number="57" hits="0" branch="false"/>
								<line number="58" hits="0" branch="false"/>
							</lines>
						</method>
						<method name="setJournalCode" signature="(Ljava/lang/String;)V" line-rate="0.0" branch-rate="1.0" complexity="0">
							<lines>
								<line number="47" hits="0" branch="false"/>
								<line number="48" hits="0" branch="false"/>
							</lines>
						</method>
						<method name="toString" signature="()Ljava/lang/String;" line-rate="0.0" branch-rate="1.0" complexity="0">
							<lines>
								<line number="64" hits="0" branch="false"/>
								<line number="65" hits="0" branch="false"/>
								<line number="66" hits="0" branch="false"/>
								<line number="67" hits="0" branch="false"/>
								<line number="68" hits="0" branch="false"/>
								<line number="69" hits="0" branch="false"/>
								<line number="70" hits="0" branch="false"/>
								<line number="71" hits="0" branch="false"/>
							</lines>
						</method>
					</methods>
					<lines>
						<line number="21" hits="0" branch="false"/>
						<line number="22" hits="0" branch="false"/>
						<line number="30" hits="0" branch="false"/>
						<line number="31" hits="0" branch="false"/>
						<line number="32" hits="0" branch="false"/>
						<line number="33" hits="0" branch="false"/>
						<line number="34" hits="0" branch="false"/>
						<line number="40" hits="0" branch="false"/>
						<line number="43" hits="0" branch="false"/>
						<line number="47" hits="0" branch="false"/>
						<line number="48" hits="0" branch="false"/>
						<line number="51" hits="0" branch="false"/>
						<line number="52" hits="0" branch="false"/>
						<line number="54" hits="0" branch="false"/>
						<line number="57" hits="0" branch="false"/>
						<line number="58" hits="0" branch="false"/>
						<line number="64" hits="0" branch="false"/>
						<line number="65" hits="0" branch="false"/>
						<line number="66" hits="0" branch="false"/>
						<line number="67" hits="0" branch="false"/>
						<line number="68" hits="0" branch="false"/>
						<line number="69" hits="0" branch="false"/>
						<line number="70" hits="0" branch="false"/>
						<line number="71" hits="0" branch="false"/>
					</lines>
				</class>
			</classes>
		</package>
		<package name="com.dummy.myerp.model.validation.constraint" line-rate="1.0" branch-rate="1.0" complexity="0.0">
			<classes>
				<class name="com.dummy.myerp.model.validation.constraint.MontantComptable" filename="com/dummy/myerp/model/validation/constraint/MontantComptable.java" line-rate="1.0" branch-rate="1.0" complexity="0.0">
					<methods>
					</methods>
					<lines>
					</lines>
				</class>
				<class name="com.dummy.myerp.model.validation.constraint.MontantComptable$List" filename="com/dummy/myerp/model/validation/constraint/MontantComptable.java" line-rate="1.0" branch-rate="1.0" complexity="0.0">
					<methods>
					</methods>
					<lines>
					</lines>
				</class>
			</classes>
		</package>
	</packages>
</coverage>
