<?xml version="1.0"?>
<!DOCTYPE coverage SYSTEM "http://cobertura.sourceforge.net/xml/coverage-04.dtd">

<coverage line-rate="0.8045977011494253" branch-rate="0.5" lines-covered="210" lines-valid="261" branches-covered="10" branches-valid="20" complexity="1.28125" version="2.1.1" timestamp="1531481157519">
	<sources>
		<source>--source</source>
		<source>S:/MyERP/src/myerp-consumer/target/generated-sources/annotations</source>
		<source>S:/MyERP/src/myerp-consumer/src/main/java</source>
	</sources>
	<packages>
		<package name="com.dummy.myerp.consumer" line-rate="0.75" branch-rate="1.0" complexity="1.0">
			<classes>
				<class name="com.dummy.myerp.consumer.ConsumerHelper" filename="com/dummy/myerp/consumer/ConsumerHelper.java" line-rate="0.75" branch-rate="1.0" complexity="1.0">
					<methods>
						<method name="&lt;init&gt;" signature="()V" line-rate="0.0" branch-rate="1.0" complexity="0">
							<lines>
								<line number="9" hits="0" branch="false"/>
							</lines>
						</method>
						<method name="configure" signature="(Lcom/dummy/myerp/consumer/dao/contrat/DaoProxy;)V" line-rate="1.0" branch-rate="1.0" complexity="0">
							<lines>
								<line number="22" hits="1" branch="false"/>
								<line number="23" hits="1" branch="false"/>
							</lines>
						</method>
						<method name="getDaoProxy" signature="()Lcom/dummy/myerp/consumer/dao/contrat/DaoProxy;" line-rate="1.0" branch-rate="1.0" complexity="0">
							<lines>
								<line number="28" hits="32" branch="false"/>
							</lines>
						</method>
					</methods>
					<lines>
						<line number="9" hits="0" branch="false"/>
						<line number="22" hits="1" branch="false"/>
						<line number="23" hits="1" branch="false"/>
						<line number="28" hits="32" branch="false"/>
					</lines>
				</class>
			</classes>
		</package>
		<package name="com.dummy.myerp.consumer.dao.contrat" line-rate="1.0" branch-rate="1.0" complexity="1.0">
			<classes>
				<class name="com.dummy.myerp.consumer.dao.contrat.ComptabiliteDao" filename="com/dummy/myerp/consumer/dao/contrat/ComptabiliteDao.java" line-rate="1.0" branch-rate="1.0" complexity="1.0">
					<methods>
					</methods>
					<lines>
					</lines>
				</class>
				<class name="com.dummy.myerp.consumer.dao.contrat.DaoProxy" filename="com/dummy/myerp/consumer/dao/contrat/DaoProxy.java" line-rate="1.0" branch-rate="1.0" complexity="1.0">
					<methods>
					</methods>
					<lines>
					</lines>
				</class>
			</classes>
		</package>
		<package name="com.dummy.myerp.consumer.dao.impl" line-rate="1.0" branch-rate="1.0" complexity="1.0">
			<classes>
				<class name="com.dummy.myerp.consumer.dao.impl.DaoProxyImpl" filename="com/dummy/myerp/consumer/dao/impl/DaoProxyImpl.java" line-rate="1.0" branch-rate="1.0" complexity="1.0">
					<methods>
						<method name="&lt;clinit&gt;" signature="()V" line-rate="1.0" branch-rate="1.0" complexity="0">
							<lines>
								<line number="19" hits="1" branch="false"/>
							</lines>
						</method>
						<method name="&lt;init&gt;" signature="()V" line-rate="1.0" branch-rate="1.0" complexity="0">
							<lines>
								<line number="34" hits="1" branch="false"/>
								<line number="35" hits="1" branch="false"/>
							</lines>
						</method>
						<method name="getComptabiliteDao" signature="()Lcom/dummy/myerp/consumer/dao/contrat/ComptabiliteDao;" line-rate="1.0" branch-rate="1.0" complexity="0">
							<lines>
								<line number="40" hits="32" branch="false"/>
							</lines>
						</method>
						<method name="getInstance" signature="()Lcom/dummy/myerp/consumer/dao/impl/DaoProxyImpl;" line-rate="1.0" branch-rate="1.0" complexity="0">
							<lines>
								<line number="27" hits="1" branch="false"/>
							</lines>
						</method>
						<method name="setComptabiliteDao" signature="(Lcom/dummy/myerp/consumer/dao/contrat/ComptabiliteDao;)V" line-rate="1.0" branch-rate="1.0" complexity="0">
							<lines>
								<line number="43" hits="1" branch="false"/>
								<line number="44" hits="1" branch="false"/>
							</lines>
						</method>
					</methods>
					<lines>
						<line number="19" hits="1" branch="false"/>
						<line number="27" hits="1" branch="false"/>
						<line number="34" hits="1" branch="false"/>
						<line number="35" hits="1" branch="false"/>
						<line number="40" hits="32" branch="false"/>
						<line number="43" hits="1" branch="false"/>
						<line number="44" hits="1" branch="false"/>
					</lines>
				</class>
			</classes>
		</package>
		<package name="com.dummy.myerp.consumer.dao.impl.cache" line-rate="1.0" branch-rate="1.0" complexity="1.5">
			<classes>
				<class name="com.dummy.myerp.consumer.dao.impl.cache.CompteComptableDaoCache" filename="com/dummy/myerp/consumer/dao/impl/cache/CompteComptableDaoCache.java" line-rate="1.0" branch-rate="1.0" complexity="1.5">
					<methods>
						<method name="&lt;init&gt;" signature="()V" line-rate="1.0" branch-rate="1.0" complexity="0">
							<lines>
								<line number="23" hits="15" branch="false"/>
								<line number="24" hits="15" branch="false"/>
							</lines>
						</method>
						<method name="getByNumero" signature="(Ljava/lang/Integer;)Lcom/dummy/myerp/model/bean/comptabilite/CompteComptable;" line-rate="1.0" branch-rate="1.0" complexity="0">
							<lines>
								<line number="35" hits="42" branch="true" condition-coverage="100 % (2/2)">
									<conditions>
										<condition number="0" type="jump" coverage="100 %"/>
									</conditions>
								</line>
								<line number="36" hits="15" branch="false"/>
								<line number="39" hits="42" branch="false"/>
								<line number="40" hits="42" branch="false"/>
							</lines>
						</method>
					</methods>
					<lines>
						<line number="23" hits="15" branch="false"/>
						<line number="24" hits="15" branch="false"/>
						<line number="35" hits="42" branch="true" condition-coverage="100 % (2/2)">
							<conditions>
								<condition number="0" type="jump" coverage="100 %"/>
							</conditions>
						</line>
						<line number="36" hits="15" branch="false"/>
						<line number="39" hits="42" branch="false"/>
						<line number="40" hits="42" branch="false"/>
					</lines>
				</class>
				<class name="com.dummy.myerp.consumer.dao.impl.cache.JournalComptableDaoCache" filename="com/dummy/myerp/consumer/dao/impl/cache/JournalComptableDaoCache.java" line-rate="1.0" branch-rate="1.0" complexity="1.5">
					<methods>
						<method name="&lt;init&gt;" signature="()V" line-rate="1.0" branch-rate="1.0" complexity="0">
							<lines>
								<line number="23" hits="3" branch="false"/>
								<line number="24" hits="3" branch="false"/>
							</lines>
						</method>
						<method name="getByCode" signature="(Ljava/lang/String;)Lcom/dummy/myerp/model/bean/comptabilite/JournalComptable;" line-rate="1.0" branch-rate="1.0" complexity="0">
							<lines>
								<line number="35" hits="14" branch="true" condition-coverage="100 % (2/2)">
									<conditions>
										<condition number="0" type="jump" coverage="100 %"/>
									</conditions>
								</line>
								<line number="36" hits="3" branch="false"/>
								<line number="39" hits="14" branch="false"/>
								<line number="40" hits="14" branch="false"/>
							</lines>
						</method>
					</methods>
					<lines>
						<line number="23" hits="3" branch="false"/>
						<line number="24" hits="3" branch="false"/>
						<line number="35" hits="14" branch="true" condition-coverage="100 % (2/2)">
							<conditions>
								<condition number="0" type="jump" coverage="100 %"/>
							</conditions>
						</line>
						<line number="36" hits="3" branch="false"/>
						<line number="39" hits="14" branch="false"/>
						<line number="40" hits="14" branch="false"/>
					</lines>
				</class>
			</classes>
		</package>
		<package name="com.dummy.myerp.consumer.dao.impl.db.dao" line-rate="0.9689922480620154" branch-rate="1.0" complexity="1.2857142857142858">
			<classes>
				<class name="com.dummy.myerp.consumer.dao.impl.db.dao.ComptabiliteDaoImpl" filename="com/dummy/myerp/consumer/dao/impl/db/dao/ComptabiliteDaoImpl.java" line-rate="0.9689922480620154" branch-rate="1.0" complexity="1.2857142857142858">
					<methods>
						<method name="&lt;clinit&gt;" signature="()V" line-rate="1.0" branch-rate="1.0" complexity="0">
							<lines>
								<line number="33" hits="1" branch="false"/>
								<line number="297" hits="1" branch="false"/>
							</lines>
						</method>
						<method name="&lt;init&gt;" signature="()V" line-rate="1.0" branch-rate="1.0" complexity="0">
							<lines>
								<line number="48" hits="2" branch="false"/>
								<line number="49" hits="2" branch="false"/>
							</lines>
						</method>
						<method name="deleteEcritureComptable" signature="(Ljava/lang/Integer;)V" line-rate="1.0" branch-rate="1.0" complexity="0">
							<lines>
								<line number="248" hits="1" branch="false"/>
								<line number="251" hits="1" branch="false"/>
								<line number="252" hits="1" branch="false"/>
								<line number="253" hits="1" branch="false"/>
								<line number="254" hits="1" branch="false"/>
								<line number="255" hits="1" branch="false"/>
							</lines>
						</method>
						<method name="deleteListLigneEcritureComptable" signature="(Ljava/lang/Integer;)V" line-rate="1.0" branch-rate="1.0" complexity="0">
							<lines>
								<line number="267" hits="2" branch="false"/>
								<line number="268" hits="2" branch="false"/>
								<line number="269" hits="2" branch="false"/>
								<line number="270" hits="2" branch="false"/>
								<line number="271" hits="2" branch="false"/>
							</lines>
						</method>
						<method name="getEcritureComptable" signature="(Ljava/lang/Integer;)Lcom/dummy/myerp/model/bean/comptabilite/EcritureComptable;" line-rate="0.875" branch-rate="1.0" complexity="0">
							<lines>
								<line number="103" hits="1" branch="false"/>
								<line number="104" hits="1" branch="false"/>
								<line number="105" hits="1" branch="false"/>
								<line number="106" hits="1" branch="false"/>
								<line number="109" hits="1" branch="false"/>
								<line number="110" hits="1" branch="false"/>
								<line number="111" hits="0" branch="false"/>
								<line number="113" hits="1" branch="false"/>
							</lines>
						</method>
						<method name="getEcritureComptableByRef" signature="(Ljava/lang/String;)Lcom/dummy/myerp/model/bean/comptabilite/EcritureComptable;" line-rate="0.875" branch-rate="1.0" complexity="0">
							<lines>
								<line number="124" hits="1" branch="false"/>
								<line number="125" hits="1" branch="false"/>
								<line number="126" hits="1" branch="false"/>
								<line number="127" hits="1" branch="false"/>
								<line number="130" hits="1" branch="false"/>
								<line number="131" hits="1" branch="false"/>
								<line number="132" hits="0" branch="false"/>
								<line number="134" hits="1" branch="false"/>
							</lines>
						</method>
						<method name="getInstance" signature="()Lcom/dummy/myerp/consumer/dao/impl/db/dao/ComptabiliteDaoImpl;" line-rate="1.0" branch-rate="1.0" complexity="0">
							<lines>
								<line number="41" hits="1" branch="false"/>
							</lines>
						</method>
						<method name="getListCompteComptable" signature="()Ljava/util/List;" line-rate="1.0" branch-rate="1.0" complexity="0">
							<lines>
								<line number="60" hits="16" branch="false"/>
								<line number="61" hits="16" branch="false"/>
								<line number="62" hits="16" branch="false"/>
								<line number="63" hits="16" branch="false"/>
							</lines>
						</method>
						<method name="getListEcritureComptable" signature="()Ljava/util/List;" line-rate="1.0" branch-rate="1.0" complexity="0">
							<lines>
								<line number="89" hits="1" branch="false"/>
								<line number="90" hits="1" branch="false"/>
								<line number="91" hits="1" branch="false"/>
								<line number="92" hits="1" branch="false"/>
							</lines>
						</method>
						<method name="getListJournalComptable" signature="()Ljava/util/List;" line-rate="1.0" branch-rate="1.0" complexity="0">
							<lines>
								<line number="74" hits="4" branch="false"/>
								<line number="75" hits="4" branch="false"/>
								<line number="76" hits="4" branch="false"/>
								<line number="77" hits="4" branch="false"/>
							</lines>
						</method>
						<method name="getSequenceByCodeAndAnneeCourante" signature="(Lcom/dummy/myerp/model/bean/comptabilite/SequenceEcritureComptable;)Lcom/dummy/myerp/model/bean/comptabilite/SequenceEcritureComptable;" line-rate="0.75" branch-rate="1.0" complexity="0">
							<lines>
								<line number="282" hits="1" branch="false"/>
								<line number="283" hits="1" branch="false"/>
								<line number="284" hits="1" branch="false"/>
								<line number="285" hits="1" branch="false"/>
								<line number="286" hits="1" branch="false"/>
								<line number="289" hits="1" branch="false"/>
								<line number="290" hits="0" branch="false"/>
								<line number="291" hits="0" branch="false"/>
							</lines>
						</method>
						<method name="insertEcritureComptable" signature="(Lcom/dummy/myerp/model/bean/comptabilite/EcritureComptable;)V" line-rate="1.0" branch-rate="1.0" complexity="0">
							<lines>
								<line number="165" hits="1" branch="false"/>
								<line number="166" hits="1" branch="false"/>
								<line number="167" hits="1" branch="false"/>
								<line number="168" hits="1" branch="false"/>
								<line number="169" hits="1" branch="false"/>
								<line number="170" hits="1" branch="false"/>
								<line number="172" hits="1" branch="false"/>
								<line number="175" hits="2" branch="false"/>
								<line number="176" hits="1" branch="false"/>
								<line number="177" hits="1" branch="false"/>
								<line number="180" hits="1" branch="false"/>
								<line number="181" hits="1" branch="false"/>
							</lines>
						</method>
						<method name="insertListLigneEcritureComptable" signature="(Lcom/dummy/myerp/model/bean/comptabilite/EcritureComptable;)V" line-rate="1.0" branch-rate="1.0" complexity="0">
							<lines>
								<line number="193" hits="2" branch="false"/>
								<line number="194" hits="2" branch="false"/>
								<line number="195" hits="2" branch="false"/>
								<line number="197" hits="2" branch="false"/>
								<line number="198" hits="12" branch="true" condition-coverage="100 % (2/2)">
									<conditions>
										<condition number="0" type="jump" coverage="100 %"/>
									</conditions>
								</line>
								<line number="199" hits="8" branch="false"/>
								<line number="200" hits="8" branch="false"/>
								<line number="201" hits="8" branch="false"/>
								<line number="202" hits="8" branch="false"/>
								<line number="203" hits="8" branch="false"/>
								<line number="205" hits="8" branch="false"/>
								<line number="207" hits="8" branch="false"/>
								<line number="209" hits="2" branch="false"/>
							</lines>
						</method>
						<method name="insertOrUpdateSequenceEcritureComptable" signature="(Lcom/dummy/myerp/model/bean/comptabilite/SequenceEcritureComptable;)V" line-rate="1.0" branch-rate="1.0" complexity="0">
							<lines>
								<line number="304" hits="1" branch="false"/>
								<line number="305" hits="1" branch="false"/>
								<line number="306" hits="1" branch="false"/>
								<line number="307" hits="1" branch="false"/>
								<line number="308" hits="1" branch="false"/>
								<line number="310" hits="1" branch="false"/>
								<line number="311" hits="1" branch="false"/>
							</lines>
						</method>
						<method name="loadListLigneEcriture" signature="(Lcom/dummy/myerp/model/bean/comptabilite/EcritureComptable;)V" line-rate="1.0" branch-rate="1.0" complexity="0">
							<lines>
								<line number="145" hits="15" branch="false"/>
								<line number="146" hits="15" branch="false"/>
								<line number="147" hits="15" branch="false"/>
								<line number="148" hits="15" branch="false"/>
								<line number="149" hits="15" branch="false"/>
								<line number="150" hits="15" branch="false"/>
								<line number="151" hits="15" branch="false"/>
								<line number="152" hits="15" branch="false"/>
							</lines>
						</method>
						<method name="setSQLdeleteEcritureComptable" signature="(Ljava/lang/String;)V" line-rate="1.0" branch-rate="1.0" complexity="0">
							<lines>
								<line number="243" hits="1" branch="false"/>
								<line number="244" hits="1" branch="false"/>
							</lines>
						</method>
						<method name="setSQLdeleteListLigneEcritureComptable" signature="(Ljava/lang/String;)V" line-rate="1.0" branch-rate="1.0" complexity="0">
							<lines>
								<line number="260" hits="1" branch="false"/>
								<line number="261" hits="1" branch="false"/>
							</lines>
						</method>
						<method name="setSQLgetEcritureComptable" signature="(Ljava/lang/String;)V" line-rate="1.0" branch-rate="1.0" complexity="0">
							<lines>
								<line number="99" hits="1" branch="false"/>
								<line number="100" hits="1" branch="false"/>
							</lines>
						</method>
						<method name="setSQLgetEcritureComptableByRef" signature="(Ljava/lang/String;)V" line-rate="1.0" branch-rate="1.0" complexity="0">
							<lines>
								<line number="120" hits="1" branch="false"/>
								<line number="121" hits="1" branch="false"/>
							</lines>
						</method>
						<method name="setSQLgetListCompteComptable" signature="(Ljava/lang/String;)V" line-rate="1.0" branch-rate="1.0" complexity="0">
							<lines>
								<line number="56" hits="1" branch="false"/>
								<line number="57" hits="1" branch="false"/>
							</lines>
						</method>
						<method name="setSQLgetListEcritureComptable" signature="(Ljava/lang/String;)V" line-rate="1.0" branch-rate="1.0" complexity="0">
							<lines>
								<line number="85" hits="1" branch="false"/>
								<line number="86" hits="1" branch="false"/>
							</lines>
						</method>
						<method name="setSQLgetListJournalComptable" signature="(Ljava/lang/String;)V" line-rate="1.0" branch-rate="1.0" complexity="0">
							<lines>
								<line number="70" hits="1" branch="false"/>
								<line number="71" hits="1" branch="false"/>
							</lines>
						</method>
						<method name="setSQLgetSequenceByCodeAndAnneeCourante" signature="(Ljava/lang/String;)V" line-rate="1.0" branch-rate="1.0" complexity="0">
							<lines>
								<line number="276" hits="1" branch="false"/>
								<line number="277" hits="1" branch="false"/>
							</lines>
						</method>
						<method name="setSQLinsertEcritureComptable" signature="(Ljava/lang/String;)V" line-rate="1.0" branch-rate="1.0" complexity="0">
							<lines>
								<line number="160" hits="1" branch="false"/>
								<line number="161" hits="1" branch="false"/>
							</lines>
						</method>
						<method name="setSQLinsertListLigneEcritureComptable" signature="(Ljava/lang/String;)V" line-rate="1.0" branch-rate="1.0" complexity="0">
							<lines>
								<line number="186" hits="1" branch="false"/>
								<line number="187" hits="1" branch="false"/>
							</lines>
						</method>
						<method name="setSQLinsertOrUpdateSequenceEcritureComptable" signature="(Ljava/lang/String;)V" line-rate="1.0" branch-rate="1.0" complexity="0">
							<lines>
								<line number="299" hits="1" branch="false"/>
								<line number="300" hits="1" branch="false"/>
							</lines>
						</method>
						<method name="setSQLloadListLigneEcriture" signature="(Ljava/lang/String;)V" line-rate="1.0" branch-rate="1.0" complexity="0">
							<lines>
								<line number="141" hits="1" branch="false"/>
								<line number="142" hits="1" branch="false"/>
							</lines>
						</method>
						<method name="setSQLupdateEcritureComptable" signature="(Ljava/lang/String;)V" line-rate="1.0" branch-rate="1.0" complexity="0">
							<lines>
								<line number="217" hits="1" branch="false"/>
								<line number="218" hits="1" branch="false"/>
							</lines>
						</method>
						<method name="updateEcritureComptable" signature="(Lcom/dummy/myerp/model/bean/comptabilite/EcritureComptable;)V" line-rate="1.0" branch-rate="1.0" complexity="0">
							<lines>
								<line number="222" hits="1" branch="false"/>
								<line number="223" hits="1" branch="false"/>
								<line number="224" hits="1" branch="false"/>
								<line number="225" hits="1" branch="false"/>
								<line number="226" hits="1" branch="false"/>
								<line number="227" hits="1" branch="false"/>
								<line number="228" hits="1" branch="false"/>
								<line number="230" hits="1" branch="false"/>
								<line number="233" hits="1" branch="false"/>
								<line number="234" hits="1" branch="false"/>
								<line number="235" hits="1" branch="false"/>
							</lines>
						</method>
					</methods>
					<lines>
						<line number="33" hits="1" branch="false"/>
						<line number="41" hits="1" branch="false"/>
						<line number="48" hits="2" branch="false"/>
						<line number="49" hits="2" branch="false"/>
						<line number="56" hits="1" branch="false"/>
						<line number="57" hits="1" branch="false"/>
						<line number="60" hits="16" branch="false"/>
						<line number="61" hits="16" branch="false"/>
						<line number="62" hits="16" branch="false"/>
						<line number="63" hits="16" branch="false"/>
						<line number="70" hits="1" branch="false"/>
						<line number="71" hits="1" branch="false"/>
						<line number="74" hits="4" branch="false"/>
						<line number="75" hits="4" branch="false"/>
						<line number="76" hits="4" branch="false"/>
						<line number="77" hits="4" branch="false"/>
						<line number="85" hits="1" branch="false"/>
						<line number="86" hits="1" branch="false"/>
						<line number="89" hits="1" branch="false"/>
						<line number="90" hits="1" branch="false"/>
						<line number="91" hits="1" branch="false"/>
						<line number="92" hits="1" branch="false"/>
						<line number="99" hits="1" branch="false"/>
						<line number="100" hits="1" branch="false"/>
						<line number="103" hits="1" branch="false"/>
						<line number="104" hits="1" branch="false"/>
						<line number="105" hits="1" branch="false"/>
						<line number="106" hits="1" branch="false"/>
						<line number="109" hits="1" branch="false"/>
						<line number="110" hits="1" branch="false"/>
						<line number="111" hits="0" branch="false"/>
						<line number="113" hits="1" branch="false"/>
						<line number="120" hits="1" branch="false"/>
						<line number="121" hits="1" branch="false"/>
						<line number="124" hits="1" branch="false"/>
						<line number="125" hits="1" branch="false"/>
						<line number="126" hits="1" branch="false"/>
						<line number="127" hits="1" branch="false"/>
						<line number="130" hits="1" branch="false"/>
						<line number="131" hits="1" branch="false"/>
						<line number="132" hits="0" branch="false"/>
						<line number="134" hits="1" branch="false"/>
						<line number="141" hits="1" branch="false"/>
						<line number="142" hits="1" branch="false"/>
						<line number="145" hits="15" branch="false"/>
						<line number="146" hits="15" branch="false"/>
						<line number="147" hits="15" branch="false"/>
						<line number="148" hits="15" branch="false"/>
						<line number="149" hits="15" branch="false"/>
						<line number="150" hits="15" branch="false"/>
						<line number="151" hits="15" branch="false"/>
						<line number="152" hits="15" branch="false"/>
						<line number="160" hits="1" branch="false"/>
						<line number="161" hits="1" branch="false"/>
						<line number="165" hits="1" branch="false"/>
						<line number="166" hits="1" branch="false"/>
						<line number="167" hits="1" branch="false"/>
						<line number="168" hits="1" branch="false"/>
						<line number="169" hits="1" branch="false"/>
						<line number="170" hits="1" branch="false"/>
						<line number="172" hits="1" branch="false"/>
						<line number="175" hits="2" branch="false"/>
						<line number="176" hits="1" branch="false"/>
						<line number="177" hits="1" branch="false"/>
						<line number="180" hits="1" branch="false"/>
						<line number="181" hits="1" branch="false"/>
						<line number="186" hits="1" branch="false"/>
						<line number="187" hits="1" branch="false"/>
						<line number="193" hits="2" branch="false"/>
						<line number="194" hits="2" branch="false"/>
						<line number="195" hits="2" branch="false"/>
						<line number="197" hits="2" branch="false"/>
						<line number="198" hits="12" branch="true" condition-coverage="100 % (2/2)">
							<conditions>
								<condition number="0" type="jump" coverage="100 %"/>
							</conditions>
						</line>
						<line number="199" hits="8" branch="false"/>
						<line number="200" hits="8" branch="false"/>
						<line number="201" hits="8" branch="false"/>
						<line number="202" hits="8" branch="false"/>
						<line number="203" hits="8" branch="false"/>
						<line number="205" hits="8" branch="false"/>
						<line number="207" hits="8" branch="false"/>
						<line number="209" hits="2" branch="false"/>
						<line number="217" hits="1" branch="false"/>
						<line number="218" hits="1" branch="false"/>
						<line number="222" hits="1" branch="false"/>
						<line number="223" hits="1" branch="false"/>
						<line number="224" hits="1" branch="false"/>
						<line number="225" hits="1" branch="false"/>
						<line number="226" hits="1" branch="false"/>
						<line number="227" hits="1" branch="false"/>
						<line number="228" hits="1" branch="false"/>
						<line number="230" hits="1" branch="false"/>
						<line number="233" hits="1" branch="false"/>
						<line number="234" hits="1" branch="false"/>
						<line number="235" hits="1" branch="false"/>
						<line number="243" hits="1" branch="false"/>
						<line number="244" hits="1" branch="false"/>
						<line number="248" hits="1" branch="false"/>
						<line number="251" hits="1" branch="false"/>
						<line number="252" hits="1" branch="false"/>
						<line number="253" hits="1" branch="false"/>
						<line number="254" hits="1" branch="false"/>
						<line number="255" hits="1" branch="false"/>
						<line number="260" hits="1" branch="false"/>
						<line number="261" hits="1" branch="false"/>
						<line number="267" hits="2" branch="false"/>
						<line number="268" hits="2" branch="false"/>
						<line number="269" hits="2" branch="false"/>
						<line number="270" hits="2" branch="false"/>
						<line number="271" hits="2" branch="false"/>
						<line number="276" hits="1" branch="false"/>
						<line number="277" hits="1" branch="false"/>
						<line number="282" hits="1" branch="false"/>
						<line number="283" hits="1" branch="false"/>
						<line number="284" hits="1" branch="false"/>
						<line number="285" hits="1" branch="false"/>
						<line number="286" hits="1" branch="false"/>
						<line number="289" hits="1" branch="false"/>
						<line number="290" hits="0" branch="false"/>
						<line number="291" hits="0" branch="false"/>
						<line number="297" hits="1" branch="false"/>
						<line number="299" hits="1" branch="false"/>
						<line number="300" hits="1" branch="false"/>
						<line number="304" hits="1" branch="false"/>
						<line number="305" hits="1" branch="false"/>
						<line number="306" hits="1" branch="false"/>
						<line number="307" hits="1" branch="false"/>
						<line number="308" hits="1" branch="false"/>
						<line number="310" hits="1" branch="false"/>
						<line number="311" hits="1" branch="false"/>
					</lines>
				</class>
			</classes>
		</package>
		<package name="com.dummy.myerp.consumer.dao.impl.db.rowmapper.comptabilite" line-rate="1.0" branch-rate="1.0" complexity="1.0">
			<classes>
				<class name="com.dummy.myerp.consumer.dao.impl.db.rowmapper.comptabilite.CompteComptableRM" filename="com/dummy/myerp/consumer/dao/impl/db/rowmapper/comptabilite/CompteComptableRM.java" line-rate="1.0" branch-rate="1.0" complexity="1.0">
					<methods>
						<method name="&lt;init&gt;" signature="()V" line-rate="1.0" branch-rate="1.0" complexity="0">
							<lines>
								<line number="13" hits="16" branch="false"/>
							</lines>
						</method>
						<method name="mapRow" signature="(Ljava/sql/ResultSet;I)Lcom/dummy/myerp/model/bean/comptabilite/CompteComptable;" line-rate="1.0" branch-rate="1.0" complexity="0">
							<lines>
								<line number="17" hits="112" branch="false"/>
								<line number="18" hits="112" branch="false"/>
								<line number="19" hits="112" branch="false"/>
								<line number="21" hits="112" branch="false"/>
							</lines>
						</method>
						<method name="mapRow" signature="(Ljava/sql/ResultSet;I)Ljava/lang/Object;" line-rate="1.0" branch-rate="1.0" complexity="0">
							<lines>
								<line number="1" hits="112" branch="false"/>
							</lines>
						</method>
					</methods>
					<lines>
						<line number="1" hits="112" branch="false"/>
						<line number="13" hits="16" branch="false"/>
						<line number="17" hits="112" branch="false"/>
						<line number="18" hits="112" branch="false"/>
						<line number="19" hits="112" branch="false"/>
						<line number="21" hits="112" branch="false"/>
					</lines>
				</class>
				<class name="com.dummy.myerp.consumer.dao.impl.db.rowmapper.comptabilite.EcritureComptableRM" filename="com/dummy/myerp/consumer/dao/impl/db/rowmapper/comptabilite/EcritureComptableRM.java" line-rate="1.0" branch-rate="1.0" complexity="1.0">
					<methods>
						<method name="&lt;init&gt;" signature="()V" line-rate="1.0" branch-rate="1.0" complexity="0">
							<lines>
								<line number="15" hits="6" branch="false"/>
								<line number="18" hits="3" branch="false"/>
							</lines>
						</method>
						<method name="mapRow" signature="(Ljava/sql/ResultSet;I)Lcom/dummy/myerp/model/bean/comptabilite/EcritureComptable;" line-rate="1.0" branch-rate="1.0" complexity="0">
							<lines>
								<line number="23" hits="14" branch="false"/>
								<line number="24" hits="14" branch="false"/>
								<line number="25" hits="14" branch="false"/>
								<line number="26" hits="14" branch="false"/>
								<line number="27" hits="14" branch="false"/>
								<line number="28" hits="14" branch="false"/>
								<line number="31" hits="14" branch="false"/>
								<line number="33" hits="14" branch="false"/>
							</lines>
						</method>
						<method name="mapRow" signature="(Ljava/sql/ResultSet;I)Ljava/lang/Object;" line-rate="1.0" branch-rate="1.0" complexity="0">
							<lines>
								<line number="1" hits="14" branch="false"/>
							</lines>
						</method>
					</methods>
					<lines>
						<line number="1" hits="14" branch="false"/>
						<line number="15" hits="6" branch="false"/>
						<line number="18" hits="3" branch="false"/>
						<line number="23" hits="14" branch="false"/>
						<line number="24" hits="14" branch="false"/>
						<line number="25" hits="14" branch="false"/>
						<line number="26" hits="14" branch="false"/>
						<line number="27" hits="14" branch="false"/>
						<line number="28" hits="14" branch="false"/>
						<line number="31" hits="14" branch="false"/>
						<line number="33" hits="14" branch="false"/>
					</lines>
				</class>
				<class name="com.dummy.myerp.consumer.dao.impl.db.rowmapper.comptabilite.JournalComptableRM" filename="com/dummy/myerp/consumer/dao/impl/db/rowmapper/comptabilite/JournalComptableRM.java" line-rate="1.0" branch-rate="1.0" complexity="1.0">
					<methods>
						<method name="&lt;init&gt;" signature="()V" line-rate="1.0" branch-rate="1.0" complexity="0">
							<lines>
								<line number="13" hits="4" branch="false"/>
							</lines>
						</method>
						<method name="mapRow" signature="(Ljava/sql/ResultSet;I)Lcom/dummy/myerp/model/bean/comptabilite/JournalComptable;" line-rate="1.0" branch-rate="1.0" complexity="0">
							<lines>
								<line number="17" hits="16" branch="false"/>
								<line number="18" hits="16" branch="false"/>
								<line number="19" hits="16" branch="false"/>
								<line number="21" hits="16" branch="false"/>
							</lines>
						</method>
						<method name="mapRow" signature="(Ljava/sql/ResultSet;I)Ljava/lang/Object;" line-rate="1.0" branch-rate="1.0" complexity="0">
							<lines>
								<line number="1" hits="16" branch="false"/>
							</lines>
						</method>
					</methods>
					<lines>
						<line number="1" hits="16" branch="false"/>
						<line number="13" hits="4" branch="false"/>
						<line number="17" hits="16" branch="false"/>
						<line number="18" hits="16" branch="false"/>
						<line number="19" hits="16" branch="false"/>
						<line number="21" hits="16" branch="false"/>
					</lines>
				</class>
				<class name="com.dummy.myerp.consumer.dao.impl.db.rowmapper.comptabilite.LigneEcritureComptableRM" filename="com/dummy/myerp/consumer/dao/impl/db/rowmapper/comptabilite/LigneEcritureComptableRM.java" line-rate="1.0" branch-rate="1.0" complexity="1.0">
					<methods>
						<method name="&lt;init&gt;" signature="()V" line-rate="1.0" branch-rate="1.0" complexity="0">
							<lines>
								<line number="14" hits="30" branch="false"/>
								<line number="17" hits="15" branch="false"/>
							</lines>
						</method>
						<method name="mapRow" signature="(Ljava/sql/ResultSet;I)Lcom/dummy/myerp/model/bean/comptabilite/LigneEcritureComptable;" line-rate="1.0" branch-rate="1.0" complexity="0">
							<lines>
								<line number="22" hits="42" branch="false"/>
								<line number="23" hits="84" branch="false"/>
								<line number="24" hits="42" branch="false"/>
								<line number="25" hits="42" branch="false"/>
								<line number="26" hits="42" branch="false"/>
								<line number="27" hits="42" branch="false"/>
								<line number="29" hits="42" branch="false"/>
							</lines>
						</method>
						<method name="mapRow" signature="(Ljava/sql/ResultSet;I)Ljava/lang/Object;" line-rate="1.0" branch-rate="1.0" complexity="0">
							<lines>
								<line number="1" hits="42" branch="false"/>
							</lines>
						</method>
					</methods>
					<lines>
						<line number="1" hits="42" branch="false"/>
						<line number="14" hits="30" branch="false"/>
						<line number="17" hits="15" branch="false"/>
						<line number="22" hits="42" branch="false"/>
						<line number="23" hits="84" branch="false"/>
						<line number="24" hits="42" branch="false"/>
						<line number="25" hits="42" branch="false"/>
						<line number="26" hits="42" branch="false"/>
						<line number="27" hits="42" branch="false"/>
						<line number="29" hits="42" branch="false"/>
					</lines>
				</class>
				<class name="com.dummy.myerp.consumer.dao.impl.db.rowmapper.comptabilite.SequenceEcritureComptableRM" filename="com/dummy/myerp/consumer/dao/impl/db/rowmapper/comptabilite/SequenceEcritureComptableRM.java" line-rate="1.0" branch-rate="1.0" complexity="1.0">
					<methods>
						<method name="&lt;init&gt;" signature="()V" line-rate="1.0" branch-rate="1.0" complexity="0">
							<lines>
								<line number="13" hits="1" branch="false"/>
							</lines>
						</method>
						<method name="mapRow" signature="(Ljava/sql/ResultSet;I)Lcom/dummy/myerp/model/bean/comptabilite/SequenceEcritureComptable;" line-rate="1.0" branch-rate="1.0" complexity="0">
							<lines>
								<line number="17" hits="1" branch="false"/>
								<line number="18" hits="1" branch="false"/>
								<line number="19" hits="1" branch="false"/>
								<line number="20" hits="1" branch="false"/>
								<line number="22" hits="1" branch="false"/>
							</lines>
						</method>
						<method name="mapRow" signature="(Ljava/sql/ResultSet;I)Ljava/lang/Object;" line-rate="1.0" branch-rate="1.0" complexity="0">
							<lines>
								<line number="1" hits="1" branch="false"/>
							</lines>
						</method>
					</methods>
					<lines>
						<line number="1" hits="1" branch="false"/>
						<line number="13" hits="1" branch="false"/>
						<line number="17" hits="1" branch="false"/>
						<line number="18" hits="1" branch="false"/>
						<line number="19" hits="1" branch="false"/>
						<line number="20" hits="1" branch="false"/>
						<line number="22" hits="1" branch="false"/>
					</lines>
				</class>
			</classes>
		</package>
		<package name="com.dummy.myerp.consumer.db" line-rate="0.8214285714285714" branch-rate="0.5" complexity="2.0">
			<classes>
				<class name="com.dummy.myerp.consumer.db.AbstractDbConsumer" filename="com/dummy/myerp/consumer/db/AbstractDbConsumer.java" line-rate="0.7916666666666666" branch-rate="0.5" complexity="2.0">
					<methods>
						<method name="&lt;clinit&gt;" signature="()V" line-rate="1.0" branch-rate="1.0" complexity="0">
							<lines>
								<line number="21" hits="1" branch="false"/>
								<line number="25" hits="1" branch="false"/>
							</lines>
						</method>
						<method name="&lt;init&gt;" signature="()V" line-rate="1.0" branch-rate="1.0" complexity="0">
							<lines>
								<line number="34" hits="2" branch="false"/>
								<line number="35" hits="2" branch="false"/>
							</lines>
						</method>
						<method name="configure" signature="(Ljava/util/Map;)V" line-rate="0.7272727272727273" branch-rate="0.5" complexity="0">
							<lines>
								<line number="96" hits="1" branch="false"/>
								<line number="97" hits="1" branch="false"/>
								<line number="98" hits="2" branch="true" condition-coverage="100 % (2/2)">
									<conditions>
										<condition number="0" type="jump" coverage="100 %"/>
									</conditions>
								</line>
								<line number="99" hits="1" branch="false"/>
								<line number="102" hits="1" branch="true" condition-coverage="50 % (1/2)">
									<conditions>
										<condition number="0" type="jump" coverage="50 %"/>
									</conditions>
								</line>
								<line number="103" hits="0" branch="true" condition-coverage="0 % (0/2)">
									<conditions>
										<condition number="0" type="jump" coverage="0 %"/>
									</conditions>
								</line>
								<line number="104" hits="0" branch="false"/>
								<line number="106" hits="0" branch="false"/>
								<line number="107" hits="1" branch="false"/>
								<line number="110" hits="1" branch="false"/>
								<line number="111" hits="1" branch="false"/>
							</lines>
						</method>
						<method name="getDaoProxy" signature="()Lcom/dummy/myerp/consumer/dao/contrat/DaoProxy;" line-rate="0.0" branch-rate="1.0" complexity="0">
							<lines>
								<line number="45" hits="0" branch="false"/>
							</lines>
						</method>
						<method name="getDataSource" signature="(Lcom/dummy/myerp/consumer/db/DataSourcesEnum;)Ljavax/sql/DataSource;" line-rate="0.75" branch-rate="0.5" complexity="0">
							<lines>
								<line number="57" hits="48" branch="false"/>
								<line number="58" hits="48" branch="true" condition-coverage="50 % (1/2)">
									<conditions>
										<condition number="0" type="jump" coverage="50 %"/>
									</conditions>
								</line>
								<line number="59" hits="0" branch="false"/>
								<line number="61" hits="48" branch="false"/>
							</lines>
						</method>
						<method name="queryGetSequenceValuePostgreSQL" signature="(Lcom/dummy/myerp/consumer/db/DataSourcesEnum;Ljava/lang/String;Ljava/lang/Class;)Ljava/lang/Object;" line-rate="1.0" branch-rate="1.0" complexity="0">
							<lines>
								<line number="79" hits="1" branch="false"/>
								<line number="80" hits="1" branch="false"/>
								<line number="81" hits="1" branch="false"/>
								<line number="83" hits="1" branch="false"/>
							</lines>
						</method>
					</methods>
					<lines>
						<line number="21" hits="1" branch="false"/>
						<line number="25" hits="1" branch="false"/>
						<line number="34" hits="2" branch="false"/>
						<line number="35" hits="2" branch="false"/>
						<line number="45" hits="0" branch="false"/>
						<line number="57" hits="48" branch="false"/>
						<line number="58" hits="48" branch="true" condition-coverage="50 % (1/2)">
							<conditions>
								<condition number="0" type="jump" coverage="50 %"/>
							</conditions>
						</line>
						<line number="59" hits="0" branch="false"/>
						<line number="61" hits="48" branch="false"/>
						<line number="79" hits="1" branch="false"/>
						<line number="80" hits="1" branch="false"/>
						<line number="81" hits="1" branch="false"/>
						<line number="83" hits="1" branch="false"/>
						<line number="96" hits="1" branch="false"/>
						<line number="97" hits="1" branch="false"/>
						<line number="98" hits="2" branch="true" condition-coverage="100 % (2/2)">
							<conditions>
								<condition number="0" type="jump" coverage="100 %"/>
							</conditions>
						</line>
						<line number="99" hits="1" branch="false"/>
						<line number="102" hits="1" branch="true" condition-coverage="50 % (1/2)">
							<conditions>
								<condition number="0" type="jump" coverage="50 %"/>
							</conditions>
						</line>
						<line number="103" hits="0" branch="true" condition-coverage="0 % (0/2)">
							<conditions>
								<condition number="0" type="jump" coverage="0 %"/>
							</conditions>
						</line>
						<line number="104" hits="0" branch="false"/>
						<line number="106" hits="0" branch="false"/>
						<line number="107" hits="1" branch="false"/>
						<line number="110" hits="1" branch="false"/>
						<line number="111" hits="1" branch="false"/>
					</lines>
				</class>
				<class name="com.dummy.myerp.consumer.db.DataSourcesEnum" filename="com/dummy/myerp/consumer/db/DataSourcesEnum.java" line-rate="1.0" branch-rate="1.0" complexity="0.0">
					<methods>
						<method name="&lt;clinit&gt;" signature="()V" line-rate="1.0" branch-rate="1.0" complexity="0">
							<lines>
								<line number="8" hits="1" branch="false"/>
								<line number="9" hits="1" branch="false"/>
							</lines>
						</method>
						<method name="&lt;init&gt;" signature="(Ljava/lang/String;I)V" line-rate="1.0" branch-rate="1.0" complexity="0">
							<lines>
								<line number="6" hits="2" branch="false"/>
							</lines>
						</method>
						<method name="valueOf" signature="(Ljava/lang/String;)Lcom/dummy/myerp/consumer/db/DataSourcesEnum;" line-rate="1.0" branch-rate="1.0" complexity="0">
							<lines>
								<line number="1" hits="2" branch="false"/>
							</lines>
						</method>
						<method name="values" signature="()[Lcom/dummy/myerp/consumer/db/DataSourcesEnum;" line-rate="1.0" branch-rate="1.0" complexity="0">
							<lines>
							</lines>
						</method>
					</methods>
					<lines>
						<line number="1" hits="2" branch="false"/>
						<line number="6" hits="2" branch="false"/>
						<line number="8" hits="1" branch="false"/>
						<line number="9" hits="1" branch="false"/>
					</lines>
				</class>
			</classes>
		</package>
		<package name="com.dummy.myerp.consumer.db.helper" line-rate="0.0" branch-rate="0.0" complexity="1.75">
			<classes>
				<class name="com.dummy.myerp.consumer.db.helper.ResultSetHelper" filename="com/dummy/myerp/consumer/db/helper/ResultSetHelper.java" line-rate="0.0" branch-rate="0.0" complexity="1.75">
					<methods>
						<method name="&lt;init&gt;" signature="()V" line-rate="0.0" branch-rate="1.0" complexity="0">
							<lines>
								<line number="21" hits="0" branch="false"/>
								<line number="22" hits="0" branch="false"/>
							</lines>
						</method>
						<method name="getDate" signature="(Ljava/sql/ResultSet;Ljava/lang/String;)Ljava/util/Date;" line-rate="0.0" branch-rate="0.0" complexity="0">
							<lines>
								<line number="73" hits="0" branch="false"/>
								<line number="74" hits="0" branch="true" condition-coverage="0 % (0/2)">
									<conditions>
										<condition number="0" type="jump" coverage="0 %"/>
									</conditions>
								</line>
								<line number="75" hits="0" branch="false"/>
								<line number="77" hits="0" branch="false"/>
							</lines>
						</method>
						<method name="getInteger" signature="(Ljava/sql/ResultSet;Ljava/lang/String;)Ljava/lang/Integer;" line-rate="0.0" branch-rate="0.0" complexity="0">
							<lines>
								<line number="36" hits="0" branch="false"/>
								<line number="37" hits="0" branch="false"/>
								<line number="38" hits="0" branch="true" condition-coverage="0 % (0/2)">
									<conditions>
										<condition number="0" type="jump" coverage="0 %"/>
									</conditions>
								</line>
								<line number="39" hits="0" branch="false"/>
								<line number="41" hits="0" branch="false"/>
							</lines>
						</method>
						<method name="getLong" signature="(Ljava/sql/ResultSet;Ljava/lang/String;)Ljava/lang/Long;" line-rate="0.0" branch-rate="0.0" complexity="0">
							<lines>
								<line number="54" hits="0" branch="false"/>
								<line number="55" hits="0" branch="false"/>
								<line number="56" hits="0" branch="true" condition-coverage="0 % (0/2)">
									<conditions>
										<condition number="0" type="jump" coverage="0 %"/>
									</conditions>
								</line>
								<line number="57" hits="0" branch="false"/>
								<line number="59" hits="0" branch="false"/>
							</lines>
						</method>
					</methods>
					<lines>
						<line number="21" hits="0" branch="false"/>
						<line number="22" hits="0" branch="false"/>
						<line number="36" hits="0" branch="false"/>
						<line number="37" hits="0" branch="false"/>
						<line number="38" hits="0" branch="true" condition-coverage="0 % (0/2)">
							<conditions>
								<condition number="0" type="jump" coverage="0 %"/>
							</conditions>
						</line>
						<line number="39" hits="0" branch="false"/>
						<line number="41" hits="0" branch="false"/>
						<line number="54" hits="0" branch="false"/>
						<line number="55" hits="0" branch="false"/>
						<line number="56" hits="0" branch="true" condition-coverage="0 % (0/2)">
							<conditions>
								<condition number="0" type="jump" coverage="0 %"/>
							</conditions>
						</line>
						<line number="57" hits="0" branch="false"/>
						<line number="59" hits="0" branch="false"/>
						<line number="73" hits="0" branch="false"/>
						<line number="74" hits="0" branch="true" condition-coverage="0 % (0/2)">
							<conditions>
								<condition number="0" type="jump" coverage="0 %"/>
							</conditions>
						</line>
						<line number="75" hits="0" branch="false"/>
						<line number="77" hits="0" branch="false"/>
					</lines>
				</class>
			</classes>
		</package>
		<package name="com.dummy.myerp.testconsumer.consumer" line-rate="0.0" branch-rate="1.0" complexity="0.0">
			<classes>
				<class name="com.dummy.myerp.testconsumer.consumer.ConsumerTestCase" filename="com/dummy/myerp/testconsumer/consumer/ConsumerTestCase.java" line-rate="0.0" branch-rate="1.0" complexity="0.0">
					<methods>
						<method name="&lt;clinit&gt;" signature="()V" line-rate="0.0" branch-rate="1.0" complexity="0">
							<lines>
								<line number="12" hits="0" branch="false"/>
								<line number="16" hits="0" branch="false"/>
							</lines>
						</method>
						<method name="&lt;init&gt;" signature="()V" line-rate="0.0" branch-rate="1.0" complexity="0">
							<lines>
								<line number="23" hits="0" branch="false"/>
								<line number="24" hits="0" branch="false"/>
							</lines>
						</method>
						<method name="getDaoProxy" signature="()Lcom/dummy/myerp/consumer/dao/contrat/DaoProxy;" line-rate="0.0" branch-rate="1.0" complexity="0">
							<lines>
								<line number="29" hits="0" branch="false"/>
							</lines>
						</method>
					</methods>
					<lines>
						<line number="12" hits="0" branch="false"/>
						<line number="16" hits="0" branch="false"/>
						<line number="23" hits="0" branch="false"/>
						<line number="24" hits="0" branch="false"/>
						<line number="29" hits="0" branch="false"/>
					</lines>
				</class>
				<class name="com.dummy.myerp.testconsumer.consumer.SpringRegistry" filename="com/dummy/myerp/testconsumer/consumer/SpringRegistry.java" line-rate="0.0" branch-rate="1.0" complexity="0.0">
					<methods>
						<method name="&lt;clinit&gt;" signature="()V" line-rate="0.0" branch-rate="1.0" complexity="0">
							<lines>
								<line number="16" hits="0" branch="false"/>
								<line number="20" hits="0" branch="false"/>
								<line number="25" hits="0" branch="false"/>
							</lines>
						</method>
						<method name="&lt;init&gt;" signature="()V" line-rate="0.0" branch-rate="1.0" complexity="0">
							<lines>
								<line number="38" hits="0" branch="false"/>
								<line number="39" hits="0" branch="false"/>
								<line number="40" hits="0" branch="false"/>
								<line number="41" hits="0" branch="false"/>
								<line number="42" hits="0" branch="false"/>
							</lines>
						</method>
						<method name="getBean" signature="(Ljava/lang/String;)Ljava/lang/Object;" line-rate="0.0" branch-rate="1.0" complexity="0">
							<lines>
								<line number="70" hits="0" branch="false"/>
								<line number="71" hits="0" branch="false"/>
								<line number="72" hits="0" branch="false"/>
								<line number="73" hits="0" branch="false"/>
							</lines>
						</method>
						<method name="getDaoProxy" signature="()Lcom/dummy/myerp/consumer/dao/contrat/DaoProxy;" line-rate="0.0" branch-rate="1.0" complexity="0">
							<lines>
								<line number="83" hits="0" branch="false"/>
							</lines>
						</method>
						<method name="getInstance" signature="()Lcom/dummy/myerp/testconsumer/consumer/SpringRegistry;" line-rate="0.0" branch-rate="1.0" complexity="0">
							<lines>
								<line number="50" hits="0" branch="false"/>
							</lines>
						</method>
						<method name="init" signature="()Lorg/springframework/context/ApplicationContext;" line-rate="0.0" branch-rate="1.0" complexity="0">
							<lines>
								<line number="60" hits="0" branch="false"/>
							</lines>
						</method>
					</methods>
					<lines>
						<line number="16" hits="0" branch="false"/>
						<line number="20" hits="0" branch="false"/>
						<line number="25" hits="0" branch="false"/>
						<line number="38" hits="0" branch="false"/>
						<line number="39" hits="0" branch="false"/>
						<line number="40" hits="0" branch="false"/>
						<line number="41" hits="0" branch="false"/>
						<line number="42" hits="0" branch="false"/>
						<line number="50" hits="0" branch="false"/>
						<line number="60" hits="0" branch="false"/>
						<line number="70" hits="0" branch="false"/>
						<line number="71" hits="0" branch="false"/>
						<line number="72" hits="0" branch="false"/>
						<line number="73" hits="0" branch="false"/>
						<line number="83" hits="0" branch="false"/>
					</lines>
				</class>
				<class name="com.dummy.myerp.testconsumer.consumer.TestInitSpring" filename="com/dummy/myerp/testconsumer/consumer/TestInitSpring.java" line-rate="0.0" branch-rate="1.0" complexity="0.0">
					<methods>
						<method name="&lt;init&gt;" signature="()V" line-rate="0.0" branch-rate="1.0" complexity="0">
							<lines>
								<line number="16" hits="0" branch="false"/>
								<line number="17" hits="0" branch="false"/>
							</lines>
						</method>
						<method name="testInit" signature="()V" line-rate="0.0" branch-rate="1.0" complexity="0">
							<lines>
								<line number="25" hits="0" branch="false"/>
								<line number="26" hits="0" branch="false"/>
								<line number="27" hits="0" branch="false"/>
							</lines>
						</method>
					</methods>
					<lines>
						<line number="16" hits="0" branch="false"/>
						<line number="17" hits="0" branch="false"/>
						<line number="25" hits="0" branch="false"/>
						<line number="26" hits="0" branch="false"/>
						<line number="27" hits="0" branch="false"/>
					</lines>
				</class>
			</classes>
		</package>
	</packages>
</coverage>
