-------------------------------------------------------------------------------
Test set: com.dummy.myerp.business.impl.manager.ComptabiliteManagerImplTest
-------------------------------------------------------------------------------
Tests run: 13, Failures: 1, Errors: 0, Skipped: 0, Time elapsed: 3.377 s <<< FAILURE! - in com.dummy.myerp.business.impl.manager.ComptabiliteManagerImplTest
getListEcritureComptable(com.dummy.myerp.business.impl.manager.ComptabiliteManagerImplTest)  Time elapsed: 0.422 s  <<< FAILURE!
java.lang.AssertionError: expected:<12> but was:<13>
	at com.dummy.myerp.business.impl.manager.ComptabiliteManagerImplTest.getListEcritureComptable(ComptabiliteManagerImplTest.java:47)

